[29-Aug-2012 18:01:22] PHP Notice:  Undefined index: IMAGE_MANAGER_PATH in D:\Apache2\htdocs\honda-v2\admin\js\tinymce\plugins\tinybrowser\config_tinybrowser.php on line 39
[29-Aug-2012 18:01:22] PHP Stack trace:
[29-Aug-2012 18:01:22] PHP   1. {main}() D:\Apache2\htdocs\honda-v2\admin\js\tinymce\plugins\tinybrowser\tb_tinymce.js.php:0
[29-Aug-2012 18:01:22] PHP   2. require_once() D:\Apache2\htdocs\honda-v2\admin\js\tinymce\plugins\tinybrowser\tb_tinymce.js.php:4
[03-Sep-2012 11:43:33] PHP Notice:  Undefined index: IMAGE_MANAGER_PATH in D:\Apache2\htdocs\honda-v2\admin\js\tinymce\plugins\tinybrowser\config_tinybrowser.php on line 39
[03-Sep-2012 11:43:33] PHP Stack trace:
[03-Sep-2012 11:43:33] PHP   1. {main}() D:\Apache2\htdocs\honda-v2\admin\js\tinymce\plugins\tinybrowser\tb_tinymce.js.php:0
[03-Sep-2012 11:43:33] PHP   2. require_once() D:\Apache2\htdocs\honda-v2\admin\js\tinymce\plugins\tinybrowser\tb_tinymce.js.php:4
[03-Sep-2012 11:44:05] PHP Notice:  Undefined index: IMAGE_MANAGER_PATH in D:\Apache2\htdocs\honda-v2\admin\js\tinymce\plugins\tinybrowser\config_tinybrowser.php on line 39
[03-Sep-2012 11:44:05] PHP Stack trace:
[03-Sep-2012 11:44:05] PHP   1. {main}() D:\Apache2\htdocs\honda-v2\admin\js\tinymce\plugins\tinybrowser\tb_tinymce.js.php:0
[03-Sep-2012 11:44:05] PHP   2. require_once() D:\Apache2\htdocs\honda-v2\admin\js\tinymce\plugins\tinybrowser\tb_tinymce.js.php:4
[20-Sep-2012 10:39:23] PHP Notice:  Undefined index: IMAGE_MANAGER_PATH in D:\Apache2\htdocs\honda-v2\admin\js\tinymce\plugins\tinybrowser\config_tinybrowser.php on line 39
[20-Sep-2012 10:39:23] PHP Stack trace:
[20-Sep-2012 10:39:23] PHP   1. {main}() D:\Apache2\htdocs\honda-v2\admin\js\tinymce\plugins\tinybrowser\tb_tinymce.js.php:0
[20-Sep-2012 10:39:23] PHP   2. require_once() D:\Apache2\htdocs\honda-v2\admin\js\tinymce\plugins\tinybrowser\tb_tinymce.js.php:4
[20-Sep-2012 10:52:45] PHP Notice:  Undefined index: IMAGE_MANAGER_PATH in D:\Apache2\htdocs\honda-v2\admin\js\tinymce\plugins\tinybrowser\config_tinybrowser.php on line 39
[20-Sep-2012 10:52:45] PHP Stack trace:
[20-Sep-2012 10:52:45] PHP   1. {main}() D:\Apache2\htdocs\honda-v2\admin\js\tinymce\plugins\tinybrowser\tb_tinymce.js.php:0
[20-Sep-2012 10:52:45] PHP   2. require_once() D:\Apache2\htdocs\honda-v2\admin\js\tinymce\plugins\tinybrowser\tb_tinymce.js.php:4
[20-Sep-2012 10:54:42] PHP Notice:  Undefined index: IMAGE_MANAGER_PATH in D:\Apache2\htdocs\honda-v2\admin\js\tinymce\plugins\tinybrowser\config_tinybrowser.php on line 39
[20-Sep-2012 10:54:42] PHP Stack trace:
[20-Sep-2012 10:54:42] PHP   1. {main}() D:\Apache2\htdocs\honda-v2\admin\js\tinymce\plugins\tinybrowser\tb_tinymce.js.php:0
[20-Sep-2012 10:54:42] PHP   2. require_once() D:\Apache2\htdocs\honda-v2\admin\js\tinymce\plugins\tinybrowser\tb_tinymce.js.php:4
[20-Sep-2012 10:54:54] PHP Notice:  Undefined index: IMAGE_MANAGER_PATH in D:\Apache2\htdocs\honda-v2\admin\js\tinymce\plugins\tinybrowser\config_tinybrowser.php on line 39
[20-Sep-2012 10:54:54] PHP Stack trace:
[20-Sep-2012 10:54:54] PHP   1. {main}() D:\Apache2\htdocs\honda-v2\admin\js\tinymce\plugins\tinybrowser\tb_tinymce.js.php:0
[20-Sep-2012 10:54:54] PHP   2. require_once() D:\Apache2\htdocs\honda-v2\admin\js\tinymce\plugins\tinybrowser\tb_tinymce.js.php:4
[20-Sep-2012 10:55:10] PHP Notice:  Undefined index: IMAGE_MANAGER_PATH in D:\Apache2\htdocs\honda-v2\admin\js\tinymce\plugins\tinybrowser\config_tinybrowser.php on line 39
[20-Sep-2012 10:55:10] PHP Stack trace:
[20-Sep-2012 10:55:10] PHP   1. {main}() D:\Apache2\htdocs\honda-v2\admin\js\tinymce\plugins\tinybrowser\tb_tinymce.js.php:0
[20-Sep-2012 10:55:10] PHP   2. require_once() D:\Apache2\htdocs\honda-v2\admin\js\tinymce\plugins\tinybrowser\tb_tinymce.js.php:4
[20-Sep-2012 11:13:49] PHP Notice:  Undefined index: IMAGE_MANAGER_PATH in D:\Apache2\htdocs\honda-v2\admin\js\tinymce\plugins\tinybrowser\config_tinybrowser.php on line 39
[20-Sep-2012 11:13:49] PHP Stack trace:
[20-Sep-2012 11:13:49] PHP   1. {main}() D:\Apache2\htdocs\honda-v2\admin\js\tinymce\plugins\tinybrowser\tb_tinymce.js.php:0
[20-Sep-2012 11:13:49] PHP   2. require_once() D:\Apache2\htdocs\honda-v2\admin\js\tinymce\plugins\tinybrowser\tb_tinymce.js.php:4
[16-Oct-2012 14:01:23] PHP Notice:  Undefined index: IMAGE_MANAGER_PATH in D:\Apache2\htdocs\bankcard\admin\js\tinymce\plugins\tinybrowser\config_tinybrowser.php on line 39
[16-Oct-2012 14:01:23] PHP Stack trace:
[16-Oct-2012 14:01:23] PHP   1. {main}() D:\Apache2\htdocs\bankcard\admin\js\tinymce\plugins\tinybrowser\tb_tinymce.js.php:0
[16-Oct-2012 14:01:23] PHP   2. require_once() D:\Apache2\htdocs\bankcard\admin\js\tinymce\plugins\tinybrowser\tb_tinymce.js.php:4
[16-Oct-2012 14:02:54] PHP Notice:  Undefined index: IMAGE_MANAGER_PATH in D:\Apache2\htdocs\bankcard\admin\js\tinymce\plugins\tinybrowser\config_tinybrowser.php on line 39
[16-Oct-2012 14:02:54] PHP Stack trace:
[16-Oct-2012 14:02:54] PHP   1. {main}() D:\Apache2\htdocs\bankcard\admin\js\tinymce\plugins\tinybrowser\tb_tinymce.js.php:0
[16-Oct-2012 14:02:54] PHP   2. require_once() D:\Apache2\htdocs\bankcard\admin\js\tinymce\plugins\tinybrowser\tb_tinymce.js.php:4
[16-Oct-2012 14:03:52] PHP Notice:  Undefined index: IMAGE_MANAGER_PATH in D:\Apache2\htdocs\bankcard\admin\js\tinymce\plugins\tinybrowser\config_tinybrowser.php on line 39
[16-Oct-2012 14:03:52] PHP Stack trace:
[16-Oct-2012 14:03:52] PHP   1. {main}() D:\Apache2\htdocs\bankcard\admin\js\tinymce\plugins\tinybrowser\tb_tinymce.js.php:0
[16-Oct-2012 14:03:52] PHP   2. require_once() D:\Apache2\htdocs\bankcard\admin\js\tinymce\plugins\tinybrowser\tb_tinymce.js.php:4
[16-Oct-2012 14:03:57] PHP Notice:  Undefined index: IMAGE_MANAGER_PATH in D:\Apache2\htdocs\bankcard\admin\js\tinymce\plugins\tinybrowser\config_tinybrowser.php on line 39
[16-Oct-2012 14:03:57] PHP Stack trace:
[16-Oct-2012 14:03:57] PHP   1. {main}() D:\Apache2\htdocs\bankcard\admin\js\tinymce\plugins\tinybrowser\tb_tinymce.js.php:0
[16-Oct-2012 14:03:57] PHP   2. require_once() D:\Apache2\htdocs\bankcard\admin\js\tinymce\plugins\tinybrowser\tb_tinymce.js.php:4
[23-Oct-2012 14:21:39] PHP Notice:  Undefined index: IMAGE_MANAGER_PATH in D:\Apache2\htdocs\bankcard\admin\js\tinymce\plugins\tinybrowser\config_tinybrowser.php on line 39
[23-Oct-2012 14:21:39] PHP Stack trace:
[23-Oct-2012 14:21:39] PHP   1. {main}() D:\Apache2\htdocs\bankcard\admin\js\tinymce\plugins\tinybrowser\tb_tinymce.js.php:0
[23-Oct-2012 14:21:39] PHP   2. require_once() D:\Apache2\htdocs\bankcard\admin\js\tinymce\plugins\tinybrowser\tb_tinymce.js.php:4
[23-Oct-2012 14:22:02] PHP Notice:  Undefined index: IMAGE_MANAGER_PATH in D:\Apache2\htdocs\bankcard\admin\js\tinymce\plugins\tinybrowser\config_tinybrowser.php on line 39
[23-Oct-2012 14:22:02] PHP Stack trace:
[23-Oct-2012 14:22:02] PHP   1. {main}() D:\Apache2\htdocs\bankcard\admin\js\tinymce\plugins\tinybrowser\tb_tinymce.js.php:0
[23-Oct-2012 14:22:02] PHP   2. require_once() D:\Apache2\htdocs\bankcard\admin\js\tinymce\plugins\tinybrowser\tb_tinymce.js.php:4
[23-Oct-2012 14:22:36] PHP Notice:  Undefined index: IMAGE_MANAGER_PATH in D:\Apache2\htdocs\bankcard\admin\js\tinymce\plugins\tinybrowser\config_tinybrowser.php on line 39
[23-Oct-2012 14:22:36] PHP Stack trace:
[23-Oct-2012 14:22:36] PHP   1. {main}() D:\Apache2\htdocs\bankcard\admin\js\tinymce\plugins\tinybrowser\tb_tinymce.js.php:0
[23-Oct-2012 14:22:36] PHP   2. require_once() D:\Apache2\htdocs\bankcard\admin\js\tinymce\plugins\tinybrowser\tb_tinymce.js.php:4
[24-Oct-2012 15:45:06] PHP Notice:  Undefined index: IMAGE_MANAGER_PATH in D:\Apache2\htdocs\bankcard\admin\js\tinymce\plugins\tinybrowser\config_tinybrowser.php on line 39
[24-Oct-2012 15:45:06] PHP Stack trace:
[24-Oct-2012 15:45:06] PHP   1. {main}() D:\Apache2\htdocs\bankcard\admin\js\tinymce\plugins\tinybrowser\tb_tinymce.js.php:0
[24-Oct-2012 15:45:06] PHP   2. require_once() D:\Apache2\htdocs\bankcard\admin\js\tinymce\plugins\tinybrowser\tb_tinymce.js.php:4
[24-Oct-2012 16:04:55] PHP Notice:  Undefined index: IMAGE_MANAGER_PATH in D:\Apache2\htdocs\bankcard\admin\js\tinymce\plugins\tinybrowser\config_tinybrowser.php on line 39
[24-Oct-2012 16:04:55] PHP Stack trace:
[24-Oct-2012 16:04:55] PHP   1. {main}() D:\Apache2\htdocs\bankcard\admin\js\tinymce\plugins\tinybrowser\tb_tinymce.js.php:0
[24-Oct-2012 16:04:55] PHP   2. require_once() D:\Apache2\htdocs\bankcard\admin\js\tinymce\plugins\tinybrowser\tb_tinymce.js.php:4
[24-Oct-2012 16:18:54] PHP Notice:  Undefined index: IMAGE_MANAGER_PATH in D:\Apache2\htdocs\bankcard\admin\js\tinymce\plugins\tinybrowser\config_tinybrowser.php on line 39
[24-Oct-2012 16:18:54] PHP Stack trace:
[24-Oct-2012 16:18:54] PHP   1. {main}() D:\Apache2\htdocs\bankcard\admin\js\tinymce\plugins\tinybrowser\tb_tinymce.js.php:0
[24-Oct-2012 16:18:54] PHP   2. require_once() D:\Apache2\htdocs\bankcard\admin\js\tinymce\plugins\tinybrowser\tb_tinymce.js.php:4
[24-Oct-2012 16:19:07] PHP Notice:  Undefined index: IMAGE_MANAGER_PATH in D:\Apache2\htdocs\bankcard\admin\js\tinymce\plugins\tinybrowser\config_tinybrowser.php on line 39
[24-Oct-2012 16:19:07] PHP Stack trace:
[24-Oct-2012 16:19:07] PHP   1. {main}() D:\Apache2\htdocs\bankcard\admin\js\tinymce\plugins\tinybrowser\tb_tinymce.js.php:0
[24-Oct-2012 16:19:07] PHP   2. require_once() D:\Apache2\htdocs\bankcard\admin\js\tinymce\plugins\tinybrowser\tb_tinymce.js.php:4
[24-Oct-2012 16:19:14] PHP Notice:  Undefined index: IMAGE_MANAGER_PATH in D:\Apache2\htdocs\bankcard\admin\js\tinymce\plugins\tinybrowser\config_tinybrowser.php on line 39
[24-Oct-2012 16:19:14] PHP Stack trace:
[24-Oct-2012 16:19:14] PHP   1. {main}() D:\Apache2\htdocs\bankcard\admin\js\tinymce\plugins\tinybrowser\tb_tinymce.js.php:0
[24-Oct-2012 16:19:14] PHP   2. require_once() D:\Apache2\htdocs\bankcard\admin\js\tinymce\plugins\tinybrowser\tb_tinymce.js.php:4
[24-Oct-2012 16:35:12] PHP Notice:  Undefined index: IMAGE_MANAGER_PATH in D:\Apache2\htdocs\bankcard\admin\js\tinymce\plugins\tinybrowser\config_tinybrowser.php on line 39
[24-Oct-2012 16:35:12] PHP Stack trace:
[24-Oct-2012 16:35:12] PHP   1. {main}() D:\Apache2\htdocs\bankcard\admin\js\tinymce\plugins\tinybrowser\tb_tinymce.js.php:0
[24-Oct-2012 16:35:12] PHP   2. require_once() D:\Apache2\htdocs\bankcard\admin\js\tinymce\plugins\tinybrowser\tb_tinymce.js.php:4
[24-Oct-2012 16:36:15] PHP Notice:  Undefined index: IMAGE_MANAGER_PATH in D:\Apache2\htdocs\bankcard\admin\js\tinymce\plugins\tinybrowser\config_tinybrowser.php on line 39
[24-Oct-2012 16:36:15] PHP Stack trace:
[24-Oct-2012 16:36:15] PHP   1. {main}() D:\Apache2\htdocs\bankcard\admin\js\tinymce\plugins\tinybrowser\tb_tinymce.js.php:0
[24-Oct-2012 16:36:15] PHP   2. require_once() D:\Apache2\htdocs\bankcard\admin\js\tinymce\plugins\tinybrowser\tb_tinymce.js.php:4
[24-Oct-2012 16:44:08] PHP Notice:  Undefined index: IMAGE_MANAGER_PATH in D:\Apache2\htdocs\bankcard\admin\js\tinymce\plugins\tinybrowser\config_tinybrowser.php on line 39
[24-Oct-2012 16:44:08] PHP Stack trace:
[24-Oct-2012 16:44:08] PHP   1. {main}() D:\Apache2\htdocs\bankcard\admin\js\tinymce\plugins\tinybrowser\tb_tinymce.js.php:0
[24-Oct-2012 16:44:08] PHP   2. require_once() D:\Apache2\htdocs\bankcard\admin\js\tinymce\plugins\tinybrowser\tb_tinymce.js.php:4
[24-Oct-2012 16:51:47] PHP Notice:  Undefined index: IMAGE_MANAGER_PATH in D:\Apache2\htdocs\bankcard\admin\js\tinymce\plugins\tinybrowser\config_tinybrowser.php on line 39
[24-Oct-2012 16:51:47] PHP Stack trace:
[24-Oct-2012 16:51:47] PHP   1. {main}() D:\Apache2\htdocs\bankcard\admin\js\tinymce\plugins\tinybrowser\tb_tinymce.js.php:0
[24-Oct-2012 16:51:47] PHP   2. require_once() D:\Apache2\htdocs\bankcard\admin\js\tinymce\plugins\tinybrowser\tb_tinymce.js.php:4
[24-Oct-2012 16:52:14] PHP Notice:  Undefined index: IMAGE_MANAGER_PATH in D:\Apache2\htdocs\bankcard\admin\js\tinymce\plugins\tinybrowser\config_tinybrowser.php on line 39
[24-Oct-2012 16:52:14] PHP Stack trace:
[24-Oct-2012 16:52:14] PHP   1. {main}() D:\Apache2\htdocs\bankcard\admin\js\tinymce\plugins\tinybrowser\tb_tinymce.js.php:0
[24-Oct-2012 16:52:14] PHP   2. require_once() D:\Apache2\htdocs\bankcard\admin\js\tinymce\plugins\tinybrowser\tb_tinymce.js.php:4
[24-Oct-2012 16:52:23] PHP Notice:  Undefined index: IMAGE_MANAGER_PATH in D:\Apache2\htdocs\bankcard\admin\js\tinymce\plugins\tinybrowser\config_tinybrowser.php on line 39
[24-Oct-2012 16:52:23] PHP Stack trace:
[24-Oct-2012 16:52:23] PHP   1. {main}() D:\Apache2\htdocs\bankcard\admin\js\tinymce\plugins\tinybrowser\tb_tinymce.js.php:0
[24-Oct-2012 16:52:23] PHP   2. require_once() D:\Apache2\htdocs\bankcard\admin\js\tinymce\plugins\tinybrowser\tb_tinymce.js.php:4
[24-Oct-2012 16:53:09] PHP Notice:  Undefined index: IMAGE_MANAGER_PATH in D:\Apache2\htdocs\bankcard\admin\js\tinymce\plugins\tinybrowser\config_tinybrowser.php on line 39
[24-Oct-2012 16:53:09] PHP Stack trace:
[24-Oct-2012 16:53:09] PHP   1. {main}() D:\Apache2\htdocs\bankcard\admin\js\tinymce\plugins\tinybrowser\tb_tinymce.js.php:0
[24-Oct-2012 16:53:09] PHP   2. require_once() D:\Apache2\htdocs\bankcard\admin\js\tinymce\plugins\tinybrowser\tb_tinymce.js.php:4
[24-Oct-2012 16:55:02] PHP Notice:  Undefined index: IMAGE_MANAGER_PATH in D:\Apache2\htdocs\bankcard\admin\js\tinymce\plugins\tinybrowser\config_tinybrowser.php on line 39
[24-Oct-2012 16:55:02] PHP Stack trace:
[24-Oct-2012 16:55:02] PHP   1. {main}() D:\Apache2\htdocs\bankcard\admin\js\tinymce\plugins\tinybrowser\tb_tinymce.js.php:0
[24-Oct-2012 16:55:02] PHP   2. require_once() D:\Apache2\htdocs\bankcard\admin\js\tinymce\plugins\tinybrowser\tb_tinymce.js.php:4
[24-Oct-2012 16:55:50] PHP Notice:  Undefined index: IMAGE_MANAGER_PATH in D:\Apache2\htdocs\bankcard\admin\js\tinymce\plugins\tinybrowser\config_tinybrowser.php on line 39
[24-Oct-2012 16:55:50] PHP Stack trace:
[24-Oct-2012 16:55:50] PHP   1. {main}() D:\Apache2\htdocs\bankcard\admin\js\tinymce\plugins\tinybrowser\tb_tinymce.js.php:0
[24-Oct-2012 16:55:50] PHP   2. require_once() D:\Apache2\htdocs\bankcard\admin\js\tinymce\plugins\tinybrowser\tb_tinymce.js.php:4
[24-Oct-2012 16:57:21] PHP Notice:  Undefined index: IMAGE_MANAGER_PATH in D:\Apache2\htdocs\bankcard\admin\js\tinymce\plugins\tinybrowser\config_tinybrowser.php on line 39
[24-Oct-2012 16:57:21] PHP Stack trace:
[24-Oct-2012 16:57:21] PHP   1. {main}() D:\Apache2\htdocs\bankcard\admin\js\tinymce\plugins\tinybrowser\tb_tinymce.js.php:0
[24-Oct-2012 16:57:21] PHP   2. require_once() D:\Apache2\htdocs\bankcard\admin\js\tinymce\plugins\tinybrowser\tb_tinymce.js.php:4
[25-Oct-2012 11:22:35] PHP Notice:  Undefined index: IMAGE_MANAGER_PATH in D:\Apache2\htdocs\bankcard\admin\js\tinymce\plugins\tinybrowser\config_tinybrowser.php on line 39
[25-Oct-2012 11:22:35] PHP Stack trace:
[25-Oct-2012 11:22:35] PHP   1. {main}() D:\Apache2\htdocs\bankcard\admin\js\tinymce\plugins\tinybrowser\tb_tinymce.js.php:0
[25-Oct-2012 11:22:35] PHP   2. require_once() D:\Apache2\htdocs\bankcard\admin\js\tinymce\plugins\tinybrowser\tb_tinymce.js.php:4
[25-Oct-2012 11:22:48] PHP Notice:  Undefined index: IMAGE_MANAGER_PATH in D:\Apache2\htdocs\bankcard\admin\js\tinymce\plugins\tinybrowser\config_tinybrowser.php on line 39
[25-Oct-2012 11:22:48] PHP Stack trace:
[25-Oct-2012 11:22:48] PHP   1. {main}() D:\Apache2\htdocs\bankcard\admin\js\tinymce\plugins\tinybrowser\tb_tinymce.js.php:0
[25-Oct-2012 11:22:48] PHP   2. require_once() D:\Apache2\htdocs\bankcard\admin\js\tinymce\plugins\tinybrowser\tb_tinymce.js.php:4
[25-Oct-2012 11:25:54] PHP Notice:  Undefined index: IMAGE_MANAGER_PATH in D:\Apache2\htdocs\bankcard\admin\js\tinymce\plugins\tinybrowser\config_tinybrowser.php on line 39
[25-Oct-2012 11:25:54] PHP Stack trace:
[25-Oct-2012 11:25:54] PHP   1. {main}() D:\Apache2\htdocs\bankcard\admin\js\tinymce\plugins\tinybrowser\tb_tinymce.js.php:0
[25-Oct-2012 11:25:54] PHP   2. require_once() D:\Apache2\htdocs\bankcard\admin\js\tinymce\plugins\tinybrowser\tb_tinymce.js.php:4
[25-Oct-2012 14:23:27] PHP Notice:  Undefined index: IMAGE_MANAGER_PATH in D:\Apache2\htdocs\bankcard\admin\js\tinymce\plugins\tinybrowser\config_tinybrowser.php on line 39
[25-Oct-2012 14:23:27] PHP Stack trace:
[25-Oct-2012 14:23:27] PHP   1. {main}() D:\Apache2\htdocs\bankcard\admin\js\tinymce\plugins\tinybrowser\tb_tinymce.js.php:0
[25-Oct-2012 14:23:27] PHP   2. require_once() D:\Apache2\htdocs\bankcard\admin\js\tinymce\plugins\tinybrowser\tb_tinymce.js.php:4
[25-Oct-2012 14:25:05] PHP Notice:  Undefined index: IMAGE_MANAGER_PATH in D:\Apache2\htdocs\bankcard\admin\js\tinymce\plugins\tinybrowser\config_tinybrowser.php on line 39
[25-Oct-2012 14:25:05] PHP Stack trace:
[25-Oct-2012 14:25:05] PHP   1. {main}() D:\Apache2\htdocs\bankcard\admin\js\tinymce\plugins\tinybrowser\tb_tinymce.js.php:0
[25-Oct-2012 14:25:05] PHP   2. require_once() D:\Apache2\htdocs\bankcard\admin\js\tinymce\plugins\tinybrowser\tb_tinymce.js.php:4
[25-Oct-2012 14:26:24] PHP Notice:  Undefined index: IMAGE_MANAGER_PATH in D:\Apache2\htdocs\bankcard\admin\js\tinymce\plugins\tinybrowser\config_tinybrowser.php on line 39
[25-Oct-2012 14:26:24] PHP Stack trace:
[25-Oct-2012 14:26:24] PHP   1. {main}() D:\Apache2\htdocs\bankcard\admin\js\tinymce\plugins\tinybrowser\tb_tinymce.js.php:0
[25-Oct-2012 14:26:24] PHP   2. require_once() D:\Apache2\htdocs\bankcard\admin\js\tinymce\plugins\tinybrowser\tb_tinymce.js.php:4
[25-Oct-2012 14:30:02] PHP Notice:  Undefined index: IMAGE_MANAGER_PATH in D:\Apache2\htdocs\bankcard\admin\js\tinymce\plugins\tinybrowser\config_tinybrowser.php on line 39
[25-Oct-2012 14:30:02] PHP Stack trace:
[25-Oct-2012 14:30:03] PHP   1. {main}() D:\Apache2\htdocs\bankcard\admin\js\tinymce\plugins\tinybrowser\tb_tinymce.js.php:0
[25-Oct-2012 14:30:03] PHP   2. require_once() D:\Apache2\htdocs\bankcard\admin\js\tinymce\plugins\tinybrowser\tb_tinymce.js.php:4
[25-Oct-2012 14:30:20] PHP Notice:  Undefined index: IMAGE_MANAGER_PATH in D:\Apache2\htdocs\bankcard\admin\js\tinymce\plugins\tinybrowser\config_tinybrowser.php on line 39
[25-Oct-2012 14:30:20] PHP Stack trace:
[25-Oct-2012 14:30:20] PHP   1. {main}() D:\Apache2\htdocs\bankcard\admin\js\tinymce\plugins\tinybrowser\tb_tinymce.js.php:0
[25-Oct-2012 14:30:20] PHP   2. require_once() D:\Apache2\htdocs\bankcard\admin\js\tinymce\plugins\tinybrowser\tb_tinymce.js.php:4
[25-Oct-2012 14:31:30] PHP Notice:  Undefined index: IMAGE_MANAGER_PATH in D:\Apache2\htdocs\bankcard\admin\js\tinymce\plugins\tinybrowser\config_tinybrowser.php on line 39
[25-Oct-2012 14:31:30] PHP Stack trace:
[25-Oct-2012 14:31:30] PHP   1. {main}() D:\Apache2\htdocs\bankcard\admin\js\tinymce\plugins\tinybrowser\tb_tinymce.js.php:0
[25-Oct-2012 14:31:30] PHP   2. require_once() D:\Apache2\htdocs\bankcard\admin\js\tinymce\plugins\tinybrowser\tb_tinymce.js.php:4
[25-Oct-2012 14:32:16] PHP Notice:  Undefined index: IMAGE_MANAGER_PATH in D:\Apache2\htdocs\bankcard\admin\js\tinymce\plugins\tinybrowser\config_tinybrowser.php on line 39
[25-Oct-2012 14:32:16] PHP Stack trace:
[25-Oct-2012 14:32:16] PHP   1. {main}() D:\Apache2\htdocs\bankcard\admin\js\tinymce\plugins\tinybrowser\tb_tinymce.js.php:0
[25-Oct-2012 14:32:16] PHP   2. require_once() D:\Apache2\htdocs\bankcard\admin\js\tinymce\plugins\tinybrowser\tb_tinymce.js.php:4
[25-Oct-2012 14:33:18] PHP Notice:  Undefined index: IMAGE_MANAGER_PATH in D:\Apache2\htdocs\bankcard\admin\js\tinymce\plugins\tinybrowser\config_tinybrowser.php on line 39
[25-Oct-2012 14:33:18] PHP Stack trace:
[25-Oct-2012 14:33:18] PHP   1. {main}() D:\Apache2\htdocs\bankcard\admin\js\tinymce\plugins\tinybrowser\tb_tinymce.js.php:0
[25-Oct-2012 14:33:18] PHP   2. require_once() D:\Apache2\htdocs\bankcard\admin\js\tinymce\plugins\tinybrowser\tb_tinymce.js.php:4
[25-Oct-2012 14:34:23] PHP Notice:  Undefined index: IMAGE_MANAGER_PATH in D:\Apache2\htdocs\bankcard\admin\js\tinymce\plugins\tinybrowser\config_tinybrowser.php on line 39
[25-Oct-2012 14:34:23] PHP Stack trace:
[25-Oct-2012 14:34:23] PHP   1. {main}() D:\Apache2\htdocs\bankcard\admin\js\tinymce\plugins\tinybrowser\tb_tinymce.js.php:0
[25-Oct-2012 14:34:23] PHP   2. require_once() D:\Apache2\htdocs\bankcard\admin\js\tinymce\plugins\tinybrowser\tb_tinymce.js.php:4
[25-Oct-2012 14:35:10] PHP Notice:  Undefined index: IMAGE_MANAGER_PATH in D:\Apache2\htdocs\bankcard\admin\js\tinymce\plugins\tinybrowser\config_tinybrowser.php on line 39
[25-Oct-2012 14:35:10] PHP Stack trace:
[25-Oct-2012 14:35:10] PHP   1. {main}() D:\Apache2\htdocs\bankcard\admin\js\tinymce\plugins\tinybrowser\tb_tinymce.js.php:0
[25-Oct-2012 14:35:10] PHP   2. require_once() D:\Apache2\htdocs\bankcard\admin\js\tinymce\plugins\tinybrowser\tb_tinymce.js.php:4
[25-Oct-2012 14:35:31] PHP Notice:  Undefined index: IMAGE_MANAGER_PATH in D:\Apache2\htdocs\bankcard\admin\js\tinymce\plugins\tinybrowser\config_tinybrowser.php on line 39
[25-Oct-2012 14:35:31] PHP Stack trace:
[25-Oct-2012 14:35:31] PHP   1. {main}() D:\Apache2\htdocs\bankcard\admin\js\tinymce\plugins\tinybrowser\tb_tinymce.js.php:0
[25-Oct-2012 14:35:31] PHP   2. require_once() D:\Apache2\htdocs\bankcard\admin\js\tinymce\plugins\tinybrowser\tb_tinymce.js.php:4
[25-Oct-2012 14:35:48] PHP Notice:  Undefined index: IMAGE_MANAGER_PATH in D:\Apache2\htdocs\bankcard\admin\js\tinymce\plugins\tinybrowser\config_tinybrowser.php on line 39
[25-Oct-2012 14:35:48] PHP Stack trace:
[25-Oct-2012 14:35:48] PHP   1. {main}() D:\Apache2\htdocs\bankcard\admin\js\tinymce\plugins\tinybrowser\tb_tinymce.js.php:0
[25-Oct-2012 14:35:48] PHP   2. require_once() D:\Apache2\htdocs\bankcard\admin\js\tinymce\plugins\tinybrowser\tb_tinymce.js.php:4
[25-Oct-2012 14:36:27] PHP Notice:  Undefined index: IMAGE_MANAGER_PATH in D:\Apache2\htdocs\bankcard\admin\js\tinymce\plugins\tinybrowser\config_tinybrowser.php on line 39
[25-Oct-2012 14:36:27] PHP Stack trace:
[25-Oct-2012 14:36:27] PHP   1. {main}() D:\Apache2\htdocs\bankcard\admin\js\tinymce\plugins\tinybrowser\tb_tinymce.js.php:0
[25-Oct-2012 14:36:27] PHP   2. require_once() D:\Apache2\htdocs\bankcard\admin\js\tinymce\plugins\tinybrowser\tb_tinymce.js.php:4
[25-Oct-2012 14:36:59] PHP Notice:  Undefined index: IMAGE_MANAGER_PATH in D:\Apache2\htdocs\bankcard\admin\js\tinymce\plugins\tinybrowser\config_tinybrowser.php on line 39
[25-Oct-2012 14:36:59] PHP Stack trace:
[25-Oct-2012 14:36:59] PHP   1. {main}() D:\Apache2\htdocs\bankcard\admin\js\tinymce\plugins\tinybrowser\tb_tinymce.js.php:0
[25-Oct-2012 14:36:59] PHP   2. require_once() D:\Apache2\htdocs\bankcard\admin\js\tinymce\plugins\tinybrowser\tb_tinymce.js.php:4
[25-Oct-2012 14:37:37] PHP Notice:  Undefined index: IMAGE_MANAGER_PATH in D:\Apache2\htdocs\bankcard\admin\js\tinymce\plugins\tinybrowser\config_tinybrowser.php on line 39
[25-Oct-2012 14:37:37] PHP Stack trace:
[25-Oct-2012 14:37:37] PHP   1. {main}() D:\Apache2\htdocs\bankcard\admin\js\tinymce\plugins\tinybrowser\tb_tinymce.js.php:0
[25-Oct-2012 14:37:37] PHP   2. require_once() D:\Apache2\htdocs\bankcard\admin\js\tinymce\plugins\tinybrowser\tb_tinymce.js.php:4
[25-Oct-2012 14:39:22] PHP Notice:  Undefined index: IMAGE_MANAGER_PATH in D:\Apache2\htdocs\bankcard\admin\js\tinymce\plugins\tinybrowser\config_tinybrowser.php on line 39
[25-Oct-2012 14:39:22] PHP Stack trace:
[25-Oct-2012 14:39:22] PHP   1. {main}() D:\Apache2\htdocs\bankcard\admin\js\tinymce\plugins\tinybrowser\tb_tinymce.js.php:0
[25-Oct-2012 14:39:22] PHP   2. require_once() D:\Apache2\htdocs\bankcard\admin\js\tinymce\plugins\tinybrowser\tb_tinymce.js.php:4
[25-Oct-2012 14:53:22] PHP Notice:  Undefined index: IMAGE_MANAGER_PATH in D:\Apache2\htdocs\bankcard\admin\js\tinymce\plugins\tinybrowser\config_tinybrowser.php on line 39
[25-Oct-2012 14:53:22] PHP Stack trace:
[25-Oct-2012 14:53:22] PHP   1. {main}() D:\Apache2\htdocs\bankcard\admin\js\tinymce\plugins\tinybrowser\tb_tinymce.js.php:0
[25-Oct-2012 14:53:22] PHP   2. require_once() D:\Apache2\htdocs\bankcard\admin\js\tinymce\plugins\tinybrowser\tb_tinymce.js.php:4
[25-Oct-2012 14:53:35] PHP Notice:  Undefined index: IMAGE_MANAGER_PATH in D:\Apache2\htdocs\bankcard\admin\js\tinymce\plugins\tinybrowser\config_tinybrowser.php on line 39
[25-Oct-2012 14:53:35] PHP Stack trace:
[25-Oct-2012 14:53:35] PHP   1. {main}() D:\Apache2\htdocs\bankcard\admin\js\tinymce\plugins\tinybrowser\tb_tinymce.js.php:0
[25-Oct-2012 14:53:35] PHP   2. require_once() D:\Apache2\htdocs\bankcard\admin\js\tinymce\plugins\tinybrowser\tb_tinymce.js.php:4
[25-Oct-2012 14:53:57] PHP Notice:  Undefined index: IMAGE_MANAGER_PATH in D:\Apache2\htdocs\bankcard\admin\js\tinymce\plugins\tinybrowser\config_tinybrowser.php on line 39
[25-Oct-2012 14:53:57] PHP Stack trace:
[25-Oct-2012 14:53:57] PHP   1. {main}() D:\Apache2\htdocs\bankcard\admin\js\tinymce\plugins\tinybrowser\tb_tinymce.js.php:0
[25-Oct-2012 14:53:57] PHP   2. require_once() D:\Apache2\htdocs\bankcard\admin\js\tinymce\plugins\tinybrowser\tb_tinymce.js.php:4
[25-Oct-2012 14:56:07] PHP Notice:  Undefined index: IMAGE_MANAGER_PATH in D:\Apache2\htdocs\bankcard\admin\js\tinymce\plugins\tinybrowser\config_tinybrowser.php on line 39
[25-Oct-2012 14:56:07] PHP Stack trace:
[25-Oct-2012 14:56:07] PHP   1. {main}() D:\Apache2\htdocs\bankcard\admin\js\tinymce\plugins\tinybrowser\tb_tinymce.js.php:0
[25-Oct-2012 14:56:07] PHP   2. require_once() D:\Apache2\htdocs\bankcard\admin\js\tinymce\plugins\tinybrowser\tb_tinymce.js.php:4
[25-Oct-2012 14:57:13] PHP Notice:  Undefined index: IMAGE_MANAGER_PATH in D:\Apache2\htdocs\bankcard\admin\js\tinymce\plugins\tinybrowser\config_tinybrowser.php on line 39
[25-Oct-2012 14:57:13] PHP Stack trace:
[25-Oct-2012 14:57:13] PHP   1. {main}() D:\Apache2\htdocs\bankcard\admin\js\tinymce\plugins\tinybrowser\tb_tinymce.js.php:0
[25-Oct-2012 14:57:13] PHP   2. require_once() D:\Apache2\htdocs\bankcard\admin\js\tinymce\plugins\tinybrowser\tb_tinymce.js.php:4
[25-Oct-2012 16:07:39] PHP Notice:  Undefined index: IMAGE_MANAGER_PATH in D:\Apache2\htdocs\bankcard\admin\js\tinymce\plugins\tinybrowser\config_tinybrowser.php on line 39
[25-Oct-2012 16:07:39] PHP Stack trace:
[25-Oct-2012 16:07:39] PHP   1. {main}() D:\Apache2\htdocs\bankcard\admin\js\tinymce\plugins\tinybrowser\tb_tinymce.js.php:0
[25-Oct-2012 16:07:39] PHP   2. require_once() D:\Apache2\htdocs\bankcard\admin\js\tinymce\plugins\tinybrowser\tb_tinymce.js.php:4
[25-Oct-2012 16:13:38] PHP Notice:  Undefined index: IMAGE_MANAGER_PATH in D:\Apache2\htdocs\bankcard\admin\js\tinymce\plugins\tinybrowser\config_tinybrowser.php on line 39
[25-Oct-2012 16:13:38] PHP Stack trace:
[25-Oct-2012 16:13:38] PHP   1. {main}() D:\Apache2\htdocs\bankcard\admin\js\tinymce\plugins\tinybrowser\tb_tinymce.js.php:0
[25-Oct-2012 16:13:38] PHP   2. require_once() D:\Apache2\htdocs\bankcard\admin\js\tinymce\plugins\tinybrowser\tb_tinymce.js.php:4
[25-Oct-2012 16:19:47] PHP Notice:  Undefined index: IMAGE_MANAGER_PATH in D:\Apache2\htdocs\bankcard\admin\js\tinymce\plugins\tinybrowser\config_tinybrowser.php on line 39
[25-Oct-2012 16:19:47] PHP Stack trace:
[25-Oct-2012 16:19:47] PHP   1. {main}() D:\Apache2\htdocs\bankcard\admin\js\tinymce\plugins\tinybrowser\tb_tinymce.js.php:0
[25-Oct-2012 16:19:47] PHP   2. require_once() D:\Apache2\htdocs\bankcard\admin\js\tinymce\plugins\tinybrowser\tb_tinymce.js.php:4
[25-Oct-2012 16:42:07] PHP Notice:  Undefined index: IMAGE_MANAGER_PATH in D:\Apache2\htdocs\bankcard\admin\js\tinymce\plugins\tinybrowser\config_tinybrowser.php on line 39
[25-Oct-2012 16:42:07] PHP Stack trace:
[25-Oct-2012 16:42:07] PHP   1. {main}() D:\Apache2\htdocs\bankcard\admin\js\tinymce\plugins\tinybrowser\tb_tinymce.js.php:0
[25-Oct-2012 16:42:07] PHP   2. require_once() D:\Apache2\htdocs\bankcard\admin\js\tinymce\plugins\tinybrowser\tb_tinymce.js.php:4
[25-Oct-2012 16:42:26] PHP Notice:  Undefined index: IMAGE_MANAGER_PATH in D:\Apache2\htdocs\bankcard\admin\js\tinymce\plugins\tinybrowser\config_tinybrowser.php on line 39
[25-Oct-2012 16:42:26] PHP Stack trace:
[25-Oct-2012 16:42:26] PHP   1. {main}() D:\Apache2\htdocs\bankcard\admin\js\tinymce\plugins\tinybrowser\tb_tinymce.js.php:0
[25-Oct-2012 16:42:26] PHP   2. require_once() D:\Apache2\htdocs\bankcard\admin\js\tinymce\plugins\tinybrowser\tb_tinymce.js.php:4
[25-Oct-2012 16:50:28] PHP Notice:  Undefined index: IMAGE_MANAGER_PATH in D:\Apache2\htdocs\bankcard\admin\js\tinymce\plugins\tinybrowser\config_tinybrowser.php on line 39
[25-Oct-2012 16:50:28] PHP Stack trace:
[25-Oct-2012 16:50:28] PHP   1. {main}() D:\Apache2\htdocs\bankcard\admin\js\tinymce\plugins\tinybrowser\tb_tinymce.js.php:0
[25-Oct-2012 16:50:28] PHP   2. require_once() D:\Apache2\htdocs\bankcard\admin\js\tinymce\plugins\tinybrowser\tb_tinymce.js.php:4
[25-Oct-2012 16:51:41] PHP Notice:  Undefined index: IMAGE_MANAGER_PATH in D:\Apache2\htdocs\bankcard\admin\js\tinymce\plugins\tinybrowser\config_tinybrowser.php on line 39
[25-Oct-2012 16:51:41] PHP Stack trace:
[25-Oct-2012 16:51:41] PHP   1. {main}() D:\Apache2\htdocs\bankcard\admin\js\tinymce\plugins\tinybrowser\tb_tinymce.js.php:0
[25-Oct-2012 16:51:41] PHP   2. require_once() D:\Apache2\htdocs\bankcard\admin\js\tinymce\plugins\tinybrowser\tb_tinymce.js.php:4
[25-Oct-2012 16:51:46] PHP Notice:  Undefined index: IMAGE_MANAGER_PATH in D:\Apache2\htdocs\bankcard\admin\js\tinymce\plugins\tinybrowser\config_tinybrowser.php on line 39
[25-Oct-2012 16:51:46] PHP Stack trace:
[25-Oct-2012 16:51:46] PHP   1. {main}() D:\Apache2\htdocs\bankcard\admin\js\tinymce\plugins\tinybrowser\tb_tinymce.js.php:0
[25-Oct-2012 16:51:46] PHP   2. require_once() D:\Apache2\htdocs\bankcard\admin\js\tinymce\plugins\tinybrowser\tb_tinymce.js.php:4
[05-Nov-2012 16:21:09] PHP Notice:  Undefined index: IMAGE_MANAGER_PATH in D:\Apache2\htdocs\bankcard\admin\js\tinymce\plugins\tinybrowser\config_tinybrowser.php on line 39
[05-Nov-2012 16:21:09] PHP Stack trace:
[05-Nov-2012 16:21:09] PHP   1. {main}() D:\Apache2\htdocs\bankcard\admin\js\tinymce\plugins\tinybrowser\tb_tinymce.js.php:0
[05-Nov-2012 16:21:09] PHP   2. require_once() D:\Apache2\htdocs\bankcard\admin\js\tinymce\plugins\tinybrowser\tb_tinymce.js.php:4
[05-Nov-2012 16:21:33] PHP Notice:  Undefined index: IMAGE_MANAGER_PATH in D:\Apache2\htdocs\bankcard\admin\js\tinymce\plugins\tinybrowser\config_tinybrowser.php on line 39
[05-Nov-2012 16:21:33] PHP Stack trace:
[05-Nov-2012 16:21:33] PHP   1. {main}() D:\Apache2\htdocs\bankcard\admin\js\tinymce\plugins\tinybrowser\tb_tinymce.js.php:0
[05-Nov-2012 16:21:33] PHP   2. require_once() D:\Apache2\htdocs\bankcard\admin\js\tinymce\plugins\tinybrowser\tb_tinymce.js.php:4
[05-Nov-2012 16:22:09] PHP Notice:  Undefined index: IMAGE_MANAGER_PATH in D:\Apache2\htdocs\bankcard\admin\js\tinymce\plugins\tinybrowser\config_tinybrowser.php on line 39
[05-Nov-2012 16:22:09] PHP Stack trace:
[05-Nov-2012 16:22:09] PHP   1. {main}() D:\Apache2\htdocs\bankcard\admin\js\tinymce\plugins\tinybrowser\tb_tinymce.js.php:0
[05-Nov-2012 16:22:09] PHP   2. require_once() D:\Apache2\htdocs\bankcard\admin\js\tinymce\plugins\tinybrowser\tb_tinymce.js.php:4
[05-Nov-2012 16:22:58] PHP Notice:  Undefined index: IMAGE_MANAGER_PATH in D:\Apache2\htdocs\bankcard\admin\js\tinymce\plugins\tinybrowser\config_tinybrowser.php on line 39
[05-Nov-2012 16:22:58] PHP Stack trace:
[05-Nov-2012 16:22:58] PHP   1. {main}() D:\Apache2\htdocs\bankcard\admin\js\tinymce\plugins\tinybrowser\tb_tinymce.js.php:0
[05-Nov-2012 16:22:58] PHP   2. require_once() D:\Apache2\htdocs\bankcard\admin\js\tinymce\plugins\tinybrowser\tb_tinymce.js.php:4
[05-Nov-2012 16:23:02] PHP Notice:  Undefined index: IMAGE_MANAGER_PATH in D:\Apache2\htdocs\bankcard\admin\js\tinymce\plugins\tinybrowser\config_tinybrowser.php on line 39
[05-Nov-2012 16:23:02] PHP Stack trace:
[05-Nov-2012 16:23:02] PHP   1. {main}() D:\Apache2\htdocs\bankcard\admin\js\tinymce\plugins\tinybrowser\tb_tinymce.js.php:0
[05-Nov-2012 16:23:02] PHP   2. require_once() D:\Apache2\htdocs\bankcard\admin\js\tinymce\plugins\tinybrowser\tb_tinymce.js.php:4
[05-Nov-2012 16:24:12] PHP Notice:  Undefined index: IMAGE_MANAGER_PATH in D:\Apache2\htdocs\bankcard\admin\js\tinymce\plugins\tinybrowser\config_tinybrowser.php on line 39
[05-Nov-2012 16:24:12] PHP Stack trace:
[05-Nov-2012 16:24:12] PHP   1. {main}() D:\Apache2\htdocs\bankcard\admin\js\tinymce\plugins\tinybrowser\tb_tinymce.js.php:0
[05-Nov-2012 16:24:12] PHP   2. require_once() D:\Apache2\htdocs\bankcard\admin\js\tinymce\plugins\tinybrowser\tb_tinymce.js.php:4
[05-Nov-2012 16:24:22] PHP Notice:  Undefined index: IMAGE_MANAGER_PATH in D:\Apache2\htdocs\bankcard\admin\js\tinymce\plugins\tinybrowser\config_tinybrowser.php on line 39
[05-Nov-2012 16:24:22] PHP Stack trace:
[05-Nov-2012 16:24:22] PHP   1. {main}() D:\Apache2\htdocs\bankcard\admin\js\tinymce\plugins\tinybrowser\tb_tinymce.js.php:0
[05-Nov-2012 16:24:22] PHP   2. require_once() D:\Apache2\htdocs\bankcard\admin\js\tinymce\plugins\tinybrowser\tb_tinymce.js.php:4
[05-Nov-2012 16:24:51] PHP Notice:  Undefined index: IMAGE_MANAGER_PATH in D:\Apache2\htdocs\bankcard\admin\js\tinymce\plugins\tinybrowser\config_tinybrowser.php on line 39
[05-Nov-2012 16:24:51] PHP Stack trace:
[05-Nov-2012 16:24:51] PHP   1. {main}() D:\Apache2\htdocs\bankcard\admin\js\tinymce\plugins\tinybrowser\tb_tinymce.js.php:0
[05-Nov-2012 16:24:51] PHP   2. require_once() D:\Apache2\htdocs\bankcard\admin\js\tinymce\plugins\tinybrowser\tb_tinymce.js.php:4
[05-Nov-2012 16:25:25] PHP Notice:  Undefined index: IMAGE_MANAGER_PATH in D:\Apache2\htdocs\bankcard\admin\js\tinymce\plugins\tinybrowser\config_tinybrowser.php on line 39
[05-Nov-2012 16:25:25] PHP Stack trace:
[05-Nov-2012 16:25:25] PHP   1. {main}() D:\Apache2\htdocs\bankcard\admin\js\tinymce\plugins\tinybrowser\tb_tinymce.js.php:0
[05-Nov-2012 16:25:25] PHP   2. require_once() D:\Apache2\htdocs\bankcard\admin\js\tinymce\plugins\tinybrowser\tb_tinymce.js.php:4
[05-Nov-2012 16:26:48] PHP Notice:  Undefined index: IMAGE_MANAGER_PATH in D:\Apache2\htdocs\bankcard\admin\js\tinymce\plugins\tinybrowser\config_tinybrowser.php on line 39
[05-Nov-2012 16:26:48] PHP Stack trace:
[05-Nov-2012 16:26:48] PHP   1. {main}() D:\Apache2\htdocs\bankcard\admin\js\tinymce\plugins\tinybrowser\tb_tinymce.js.php:0
[05-Nov-2012 16:26:48] PHP   2. require_once() D:\Apache2\htdocs\bankcard\admin\js\tinymce\plugins\tinybrowser\tb_tinymce.js.php:4
[05-Nov-2012 16:27:23] PHP Notice:  Undefined index: IMAGE_MANAGER_PATH in D:\Apache2\htdocs\bankcard\admin\js\tinymce\plugins\tinybrowser\config_tinybrowser.php on line 39
[05-Nov-2012 16:27:23] PHP Stack trace:
[05-Nov-2012 16:27:23] PHP   1. {main}() D:\Apache2\htdocs\bankcard\admin\js\tinymce\plugins\tinybrowser\tb_tinymce.js.php:0
[05-Nov-2012 16:27:23] PHP   2. require_once() D:\Apache2\htdocs\bankcard\admin\js\tinymce\plugins\tinybrowser\tb_tinymce.js.php:4
[05-Nov-2012 16:27:50] PHP Notice:  Undefined index: IMAGE_MANAGER_PATH in D:\Apache2\htdocs\bankcard\admin\js\tinymce\plugins\tinybrowser\config_tinybrowser.php on line 39
[05-Nov-2012 16:27:50] PHP Stack trace:
[05-Nov-2012 16:27:50] PHP   1. {main}() D:\Apache2\htdocs\bankcard\admin\js\tinymce\plugins\tinybrowser\tb_tinymce.js.php:0
[05-Nov-2012 16:27:50] PHP   2. require_once() D:\Apache2\htdocs\bankcard\admin\js\tinymce\plugins\tinybrowser\tb_tinymce.js.php:4
[05-Nov-2012 16:29:47] PHP Notice:  Undefined index: IMAGE_MANAGER_PATH in D:\Apache2\htdocs\bankcard\admin\js\tinymce\plugins\tinybrowser\config_tinybrowser.php on line 39
[05-Nov-2012 16:29:47] PHP Stack trace:
[05-Nov-2012 16:29:47] PHP   1. {main}() D:\Apache2\htdocs\bankcard\admin\js\tinymce\plugins\tinybrowser\tb_tinymce.js.php:0
[05-Nov-2012 16:29:47] PHP   2. require_once() D:\Apache2\htdocs\bankcard\admin\js\tinymce\plugins\tinybrowser\tb_tinymce.js.php:4
[05-Nov-2012 16:30:38] PHP Notice:  Undefined index: IMAGE_MANAGER_PATH in D:\Apache2\htdocs\bankcard\admin\js\tinymce\plugins\tinybrowser\config_tinybrowser.php on line 39
[05-Nov-2012 16:30:38] PHP Stack trace:
[05-Nov-2012 16:30:38] PHP   1. {main}() D:\Apache2\htdocs\bankcard\admin\js\tinymce\plugins\tinybrowser\tb_tinymce.js.php:0
[05-Nov-2012 16:30:38] PHP   2. require_once() D:\Apache2\htdocs\bankcard\admin\js\tinymce\plugins\tinybrowser\tb_tinymce.js.php:4
[05-Nov-2012 16:31:44] PHP Notice:  Undefined index: IMAGE_MANAGER_PATH in D:\Apache2\htdocs\bankcard\admin\js\tinymce\plugins\tinybrowser\config_tinybrowser.php on line 39
[05-Nov-2012 16:31:44] PHP Stack trace:
[05-Nov-2012 16:31:44] PHP   1. {main}() D:\Apache2\htdocs\bankcard\admin\js\tinymce\plugins\tinybrowser\tb_tinymce.js.php:0
[05-Nov-2012 16:31:44] PHP   2. require_once() D:\Apache2\htdocs\bankcard\admin\js\tinymce\plugins\tinybrowser\tb_tinymce.js.php:4
[05-Nov-2012 16:32:17] PHP Notice:  Undefined index: IMAGE_MANAGER_PATH in D:\Apache2\htdocs\bankcard\admin\js\tinymce\plugins\tinybrowser\config_tinybrowser.php on line 39
[05-Nov-2012 16:32:17] PHP Stack trace:
[05-Nov-2012 16:32:17] PHP   1. {main}() D:\Apache2\htdocs\bankcard\admin\js\tinymce\plugins\tinybrowser\tb_tinymce.js.php:0
[05-Nov-2012 16:32:17] PHP   2. require_once() D:\Apache2\htdocs\bankcard\admin\js\tinymce\plugins\tinybrowser\tb_tinymce.js.php:4
[05-Nov-2012 16:32:41] PHP Notice:  Undefined index: IMAGE_MANAGER_PATH in D:\Apache2\htdocs\bankcard\admin\js\tinymce\plugins\tinybrowser\config_tinybrowser.php on line 39
[05-Nov-2012 16:32:41] PHP Stack trace:
[05-Nov-2012 16:32:41] PHP   1. {main}() D:\Apache2\htdocs\bankcard\admin\js\tinymce\plugins\tinybrowser\tb_tinymce.js.php:0
[05-Nov-2012 16:32:41] PHP   2. require_once() D:\Apache2\htdocs\bankcard\admin\js\tinymce\plugins\tinybrowser\tb_tinymce.js.php:4
[05-Nov-2012 16:32:54] PHP Notice:  Undefined index: IMAGE_MANAGER_PATH in D:\Apache2\htdocs\bankcard\admin\js\tinymce\plugins\tinybrowser\config_tinybrowser.php on line 39
[05-Nov-2012 16:32:54] PHP Stack trace:
[05-Nov-2012 16:32:54] PHP   1. {main}() D:\Apache2\htdocs\bankcard\admin\js\tinymce\plugins\tinybrowser\tb_tinymce.js.php:0
[05-Nov-2012 16:32:54] PHP   2. require_once() D:\Apache2\htdocs\bankcard\admin\js\tinymce\plugins\tinybrowser\tb_tinymce.js.php:4
[05-Nov-2012 16:33:20] PHP Notice:  Undefined index: IMAGE_MANAGER_PATH in D:\Apache2\htdocs\bankcard\admin\js\tinymce\plugins\tinybrowser\config_tinybrowser.php on line 39
[05-Nov-2012 16:33:20] PHP Stack trace:
[05-Nov-2012 16:33:20] PHP   1. {main}() D:\Apache2\htdocs\bankcard\admin\js\tinymce\plugins\tinybrowser\tb_tinymce.js.php:0
[05-Nov-2012 16:33:20] PHP   2. require_once() D:\Apache2\htdocs\bankcard\admin\js\tinymce\plugins\tinybrowser\tb_tinymce.js.php:4
[05-Nov-2012 16:33:40] PHP Notice:  Undefined index: IMAGE_MANAGER_PATH in D:\Apache2\htdocs\bankcard\admin\js\tinymce\plugins\tinybrowser\config_tinybrowser.php on line 39
[05-Nov-2012 16:33:40] PHP Stack trace:
[05-Nov-2012 16:33:40] PHP   1. {main}() D:\Apache2\htdocs\bankcard\admin\js\tinymce\plugins\tinybrowser\tb_tinymce.js.php:0
[05-Nov-2012 16:33:40] PHP   2. require_once() D:\Apache2\htdocs\bankcard\admin\js\tinymce\plugins\tinybrowser\tb_tinymce.js.php:4
[05-Nov-2012 16:33:44] PHP Notice:  Undefined index: IMAGE_MANAGER_PATH in D:\Apache2\htdocs\bankcard\admin\js\tinymce\plugins\tinybrowser\config_tinybrowser.php on line 39
[05-Nov-2012 16:33:44] PHP Stack trace:
[05-Nov-2012 16:33:44] PHP   1. {main}() D:\Apache2\htdocs\bankcard\admin\js\tinymce\plugins\tinybrowser\tb_tinymce.js.php:0
[05-Nov-2012 16:33:44] PHP   2. require_once() D:\Apache2\htdocs\bankcard\admin\js\tinymce\plugins\tinybrowser\tb_tinymce.js.php:4
[05-Nov-2012 16:34:01] PHP Notice:  Undefined index: IMAGE_MANAGER_PATH in D:\Apache2\htdocs\bankcard\admin\js\tinymce\plugins\tinybrowser\config_tinybrowser.php on line 39
[05-Nov-2012 16:34:01] PHP Stack trace:
[05-Nov-2012 16:34:01] PHP   1. {main}() D:\Apache2\htdocs\bankcard\admin\js\tinymce\plugins\tinybrowser\tb_tinymce.js.php:0
[05-Nov-2012 16:34:01] PHP   2. require_once() D:\Apache2\htdocs\bankcard\admin\js\tinymce\plugins\tinybrowser\tb_tinymce.js.php:4
[05-Nov-2012 16:34:34] PHP Notice:  Undefined index: IMAGE_MANAGER_PATH in D:\Apache2\htdocs\bankcard\admin\js\tinymce\plugins\tinybrowser\config_tinybrowser.php on line 39
[05-Nov-2012 16:34:34] PHP Stack trace:
[05-Nov-2012 16:34:34] PHP   1. {main}() D:\Apache2\htdocs\bankcard\admin\js\tinymce\plugins\tinybrowser\tb_tinymce.js.php:0
[05-Nov-2012 16:34:34] PHP   2. require_once() D:\Apache2\htdocs\bankcard\admin\js\tinymce\plugins\tinybrowser\tb_tinymce.js.php:4
[26-Dec-2012 16:10:25] PHP Notice:  Undefined index: IMAGE_MANAGER_PATH in D:\Apache2\htdocs\homeserve-v2\admin\js\tinymce\plugins\tinybrowser\config_tinybrowser.php on line 39
[26-Dec-2012 16:10:26] PHP Stack trace:
[26-Dec-2012 16:10:26] PHP   1. {main}() D:\Apache2\htdocs\homeserve-v2\admin\js\tinymce\plugins\tinybrowser\tb_tinymce.js.php:0
[26-Dec-2012 16:10:26] PHP   2. require_once() D:\Apache2\htdocs\homeserve-v2\admin\js\tinymce\plugins\tinybrowser\tb_tinymce.js.php:4
[26-Dec-2012 16:10:40] PHP Notice:  Undefined index: IMAGE_MANAGER_PATH in D:\Apache2\htdocs\homeserve-v2\admin\js\tinymce\plugins\tinybrowser\config_tinybrowser.php on line 39
[26-Dec-2012 16:10:40] PHP Stack trace:
[26-Dec-2012 16:10:40] PHP   1. {main}() D:\Apache2\htdocs\homeserve-v2\admin\js\tinymce\plugins\tinybrowser\tb_tinymce.js.php:0
[26-Dec-2012 16:10:40] PHP   2. require_once() D:\Apache2\htdocs\homeserve-v2\admin\js\tinymce\plugins\tinybrowser\tb_tinymce.js.php:4
[26-Dec-2012 16:11:27] PHP Notice:  Undefined index: IMAGE_MANAGER_PATH in D:\Apache2\htdocs\homeserve-v2\admin\js\tinymce\plugins\tinybrowser\config_tinybrowser.php on line 39
[26-Dec-2012 16:11:27] PHP Stack trace:
[26-Dec-2012 16:11:27] PHP   1. {main}() D:\Apache2\htdocs\homeserve-v2\admin\js\tinymce\plugins\tinybrowser\tb_tinymce.js.php:0
[26-Dec-2012 16:11:27] PHP   2. require_once() D:\Apache2\htdocs\homeserve-v2\admin\js\tinymce\plugins\tinybrowser\tb_tinymce.js.php:4
[26-Dec-2012 16:11:59] PHP Notice:  Undefined index: IMAGE_MANAGER_PATH in D:\Apache2\htdocs\homeserve-v2\admin\js\tinymce\plugins\tinybrowser\config_tinybrowser.php on line 39
[26-Dec-2012 16:11:59] PHP Stack trace:
[26-Dec-2012 16:11:59] PHP   1. {main}() D:\Apache2\htdocs\homeserve-v2\admin\js\tinymce\plugins\tinybrowser\tb_tinymce.js.php:0
[26-Dec-2012 16:11:59] PHP   2. require_once() D:\Apache2\htdocs\homeserve-v2\admin\js\tinymce\plugins\tinybrowser\tb_tinymce.js.php:4
[26-Dec-2012 16:33:02] PHP Notice:  Undefined index: IMAGE_MANAGER_PATH in D:\Apache2\htdocs\homeserve-v2\admin\js\tinymce\plugins\tinybrowser\config_tinybrowser.php on line 39
[26-Dec-2012 16:33:02] PHP Stack trace:
[26-Dec-2012 16:33:02] PHP   1. {main}() D:\Apache2\htdocs\homeserve-v2\admin\js\tinymce\plugins\tinybrowser\tb_tinymce.js.php:0
[26-Dec-2012 16:33:02] PHP   2. require_once() D:\Apache2\htdocs\homeserve-v2\admin\js\tinymce\plugins\tinybrowser\tb_tinymce.js.php:4
[26-Dec-2012 16:33:40] PHP Notice:  Undefined index: IMAGE_MANAGER_PATH in D:\Apache2\htdocs\homeserve-v2\admin\js\tinymce\plugins\tinybrowser\config_tinybrowser.php on line 39
[26-Dec-2012 16:33:40] PHP Stack trace:
[26-Dec-2012 16:33:40] PHP   1. {main}() D:\Apache2\htdocs\homeserve-v2\admin\js\tinymce\plugins\tinybrowser\tb_tinymce.js.php:0
[26-Dec-2012 16:33:40] PHP   2. require_once() D:\Apache2\htdocs\homeserve-v2\admin\js\tinymce\plugins\tinybrowser\tb_tinymce.js.php:4
[26-Dec-2012 16:41:02] PHP Notice:  Undefined index: IMAGE_MANAGER_PATH in D:\Apache2\htdocs\homeserve-v2\admin\js\tinymce\plugins\tinybrowser\config_tinybrowser.php on line 39
[26-Dec-2012 16:41:02] PHP Stack trace:
[26-Dec-2012 16:41:02] PHP   1. {main}() D:\Apache2\htdocs\homeserve-v2\admin\js\tinymce\plugins\tinybrowser\tb_tinymce.js.php:0
[26-Dec-2012 16:41:02] PHP   2. require_once() D:\Apache2\htdocs\homeserve-v2\admin\js\tinymce\plugins\tinybrowser\tb_tinymce.js.php:4
[26-Dec-2012 16:41:24] PHP Notice:  Undefined index: IMAGE_MANAGER_PATH in D:\Apache2\htdocs\homeserve-v2\admin\js\tinymce\plugins\tinybrowser\config_tinybrowser.php on line 39
[26-Dec-2012 16:41:24] PHP Stack trace:
[26-Dec-2012 16:41:24] PHP   1. {main}() D:\Apache2\htdocs\homeserve-v2\admin\js\tinymce\plugins\tinybrowser\tb_tinymce.js.php:0
[26-Dec-2012 16:41:24] PHP   2. require_once() D:\Apache2\htdocs\homeserve-v2\admin\js\tinymce\plugins\tinybrowser\tb_tinymce.js.php:4
[26-Dec-2012 16:41:47] PHP Notice:  Undefined index: IMAGE_MANAGER_PATH in D:\Apache2\htdocs\homeserve-v2\admin\js\tinymce\plugins\tinybrowser\config_tinybrowser.php on line 39
[26-Dec-2012 16:41:47] PHP Stack trace:
[26-Dec-2012 16:41:47] PHP   1. {main}() D:\Apache2\htdocs\homeserve-v2\admin\js\tinymce\plugins\tinybrowser\tb_tinymce.js.php:0
[26-Dec-2012 16:41:47] PHP   2. require_once() D:\Apache2\htdocs\homeserve-v2\admin\js\tinymce\plugins\tinybrowser\tb_tinymce.js.php:4
[26-Dec-2012 16:42:30] PHP Notice:  Undefined index: IMAGE_MANAGER_PATH in D:\Apache2\htdocs\homeserve-v2\admin\js\tinymce\plugins\tinybrowser\config_tinybrowser.php on line 39
[26-Dec-2012 16:42:30] PHP Stack trace:
[26-Dec-2012 16:42:30] PHP   1. {main}() D:\Apache2\htdocs\homeserve-v2\admin\js\tinymce\plugins\tinybrowser\tb_tinymce.js.php:0
[26-Dec-2012 16:42:30] PHP   2. require_once() D:\Apache2\htdocs\homeserve-v2\admin\js\tinymce\plugins\tinybrowser\tb_tinymce.js.php:4
[26-Dec-2012 16:42:51] PHP Notice:  Undefined index: IMAGE_MANAGER_PATH in D:\Apache2\htdocs\homeserve-v2\admin\js\tinymce\plugins\tinybrowser\config_tinybrowser.php on line 39
[26-Dec-2012 16:42:51] PHP Stack trace:
[26-Dec-2012 16:42:51] PHP   1. {main}() D:\Apache2\htdocs\homeserve-v2\admin\js\tinymce\plugins\tinybrowser\tb_tinymce.js.php:0
[26-Dec-2012 16:42:51] PHP   2. require_once() D:\Apache2\htdocs\homeserve-v2\admin\js\tinymce\plugins\tinybrowser\tb_tinymce.js.php:4
[26-Dec-2012 16:42:57] PHP Notice:  Undefined index: IMAGE_MANAGER_PATH in D:\Apache2\htdocs\homeserve-v2\admin\js\tinymce\plugins\tinybrowser\config_tinybrowser.php on line 39
[26-Dec-2012 16:42:57] PHP Stack trace:
[26-Dec-2012 16:42:57] PHP   1. {main}() D:\Apache2\htdocs\homeserve-v2\admin\js\tinymce\plugins\tinybrowser\tb_tinymce.js.php:0
[26-Dec-2012 16:42:57] PHP   2. require_once() D:\Apache2\htdocs\homeserve-v2\admin\js\tinymce\plugins\tinybrowser\tb_tinymce.js.php:4
[26-Dec-2012 16:45:33] PHP Notice:  Undefined index: IMAGE_MANAGER_PATH in D:\Apache2\htdocs\homeserve-v2\admin\js\tinymce\plugins\tinybrowser\config_tinybrowser.php on line 39
[26-Dec-2012 16:45:33] PHP Stack trace:
[26-Dec-2012 16:45:33] PHP   1. {main}() D:\Apache2\htdocs\homeserve-v2\admin\js\tinymce\plugins\tinybrowser\tb_tinymce.js.php:0
[26-Dec-2012 16:45:33] PHP   2. require_once() D:\Apache2\htdocs\homeserve-v2\admin\js\tinymce\plugins\tinybrowser\tb_tinymce.js.php:4
[26-Dec-2012 16:53:16] PHP Notice:  Undefined index: IMAGE_MANAGER_PATH in D:\Apache2\htdocs\homeserve-v2\admin\js\tinymce\plugins\tinybrowser\config_tinybrowser.php on line 39
[26-Dec-2012 16:53:16] PHP Stack trace:
[26-Dec-2012 16:53:16] PHP   1. {main}() D:\Apache2\htdocs\homeserve-v2\admin\js\tinymce\plugins\tinybrowser\tb_tinymce.js.php:0
[26-Dec-2012 16:53:16] PHP   2. require_once() D:\Apache2\htdocs\homeserve-v2\admin\js\tinymce\plugins\tinybrowser\tb_tinymce.js.php:4
[26-Dec-2012 16:53:19] PHP Notice:  Undefined index: IMAGE_MANAGER_PATH in D:\Apache2\htdocs\homeserve-v2\admin\js\tinymce\plugins\tinybrowser\config_tinybrowser.php on line 39
[26-Dec-2012 16:53:19] PHP Stack trace:
[26-Dec-2012 16:53:19] PHP   1. {main}() D:\Apache2\htdocs\homeserve-v2\admin\js\tinymce\plugins\tinybrowser\tb_tinymce.js.php:0
[26-Dec-2012 16:53:19] PHP   2. require_once() D:\Apache2\htdocs\homeserve-v2\admin\js\tinymce\plugins\tinybrowser\tb_tinymce.js.php:4
[26-Dec-2012 16:53:30] PHP Notice:  Undefined index: IMAGE_MANAGER_PATH in D:\Apache2\htdocs\homeserve-v2\admin\js\tinymce\plugins\tinybrowser\config_tinybrowser.php on line 39
[26-Dec-2012 16:53:30] PHP Stack trace:
[26-Dec-2012 16:53:30] PHP   1. {main}() D:\Apache2\htdocs\homeserve-v2\admin\js\tinymce\plugins\tinybrowser\tb_tinymce.js.php:0
[26-Dec-2012 16:53:30] PHP   2. require_once() D:\Apache2\htdocs\homeserve-v2\admin\js\tinymce\plugins\tinybrowser\tb_tinymce.js.php:4
[26-Dec-2012 16:54:41] PHP Notice:  Undefined index: IMAGE_MANAGER_PATH in D:\Apache2\htdocs\homeserve-v2\admin\js\tinymce\plugins\tinybrowser\config_tinybrowser.php on line 39
[26-Dec-2012 16:54:41] PHP Stack trace:
[26-Dec-2012 16:54:41] PHP   1. {main}() D:\Apache2\htdocs\homeserve-v2\admin\js\tinymce\plugins\tinybrowser\tb_tinymce.js.php:0
[26-Dec-2012 16:54:41] PHP   2. require_once() D:\Apache2\htdocs\homeserve-v2\admin\js\tinymce\plugins\tinybrowser\tb_tinymce.js.php:4
[26-Dec-2012 16:54:45] PHP Notice:  Undefined index: IMAGE_MANAGER_PATH in D:\Apache2\htdocs\homeserve-v2\admin\js\tinymce\plugins\tinybrowser\config_tinybrowser.php on line 39
[26-Dec-2012 16:54:45] PHP Stack trace:
[26-Dec-2012 16:54:45] PHP   1. {main}() D:\Apache2\htdocs\homeserve-v2\admin\js\tinymce\plugins\tinybrowser\tb_tinymce.js.php:0
[26-Dec-2012 16:54:45] PHP   2. require_once() D:\Apache2\htdocs\homeserve-v2\admin\js\tinymce\plugins\tinybrowser\tb_tinymce.js.php:4
[01-Jan-2013 14:15:39] PHP Notice:  Undefined index: IMAGE_MANAGER_PATH in D:\Apache2\htdocs\homeserve-v2\admin\js\tinymce\plugins\tinybrowser\config_tinybrowser.php on line 39
[01-Jan-2013 14:15:39] PHP Stack trace:
[01-Jan-2013 14:15:39] PHP   1. {main}() D:\Apache2\htdocs\homeserve-v2\admin\js\tinymce\plugins\tinybrowser\tb_tinymce.js.php:0
[01-Jan-2013 14:15:39] PHP   2. require_once() D:\Apache2\htdocs\homeserve-v2\admin\js\tinymce\plugins\tinybrowser\tb_tinymce.js.php:4
[01-Jan-2013 14:15:45] PHP Notice:  Undefined index: IMAGE_MANAGER_PATH in D:\Apache2\htdocs\homeserve-v2\admin\js\tinymce\plugins\tinybrowser\config_tinybrowser.php on line 39
[01-Jan-2013 14:15:45] PHP Stack trace:
[01-Jan-2013 14:15:45] PHP   1. {main}() D:\Apache2\htdocs\homeserve-v2\admin\js\tinymce\plugins\tinybrowser\tb_tinymce.js.php:0
[01-Jan-2013 14:15:45] PHP   2. require_once() D:\Apache2\htdocs\homeserve-v2\admin\js\tinymce\plugins\tinybrowser\tb_tinymce.js.php:4
[01-Jan-2013 14:16:05] PHP Notice:  Undefined index: IMAGE_MANAGER_PATH in D:\Apache2\htdocs\homeserve-v2\admin\js\tinymce\plugins\tinybrowser\config_tinybrowser.php on line 39
[01-Jan-2013 14:16:05] PHP Stack trace:
[01-Jan-2013 14:16:05] PHP   1. {main}() D:\Apache2\htdocs\homeserve-v2\admin\js\tinymce\plugins\tinybrowser\tb_tinymce.js.php:0
[01-Jan-2013 14:16:05] PHP   2. require_once() D:\Apache2\htdocs\homeserve-v2\admin\js\tinymce\plugins\tinybrowser\tb_tinymce.js.php:4
[01-Jan-2013 14:16:18] PHP Notice:  Undefined index: IMAGE_MANAGER_PATH in D:\Apache2\htdocs\homeserve-v2\admin\js\tinymce\plugins\tinybrowser\config_tinybrowser.php on line 39
[01-Jan-2013 14:16:18] PHP Stack trace:
[01-Jan-2013 14:16:18] PHP   1. {main}() D:\Apache2\htdocs\homeserve-v2\admin\js\tinymce\plugins\tinybrowser\tb_tinymce.js.php:0
[01-Jan-2013 14:16:18] PHP   2. require_once() D:\Apache2\htdocs\homeserve-v2\admin\js\tinymce\plugins\tinybrowser\tb_tinymce.js.php:4
[02-Jan-2013 15:44:14] PHP Notice:  Use of undefined constant DWS_TINYBROWSER_PATH - assumed 'DWS_TINYBROWSER_PATH' in D:\Apache2\htdocs\homeserve-v2\admin\js\tinymce\plugins\tinybrowser\config_tinybrowser.php on line 39
[02-Jan-2013 15:44:14] PHP Stack trace:
[02-Jan-2013 15:44:14] PHP   1. {main}() D:\Apache2\htdocs\homeserve-v2\admin\js\tinymce\plugins\tinybrowser\tb_tinymce.js.php:0
[02-Jan-2013 15:44:14] PHP   2. require_once() D:\Apache2\htdocs\homeserve-v2\admin\js\tinymce\plugins\tinybrowser\tb_tinymce.js.php:4
[02-Jan-2013 15:44:14] PHP Notice:  Use of undefined constant DWS_TINYBROWSER_PATH - assumed 'DWS_TINYBROWSER_PATH' in D:\Apache2\htdocs\homeserve-v2\admin\js\tinymce\plugins\tinybrowser\config_tinybrowser.php on line 45
[02-Jan-2013 15:44:14] PHP Stack trace:
[02-Jan-2013 15:44:14] PHP   1. {main}() D:\Apache2\htdocs\homeserve-v2\admin\js\tinymce\plugins\tinybrowser\tb_tinymce.js.php:0
[02-Jan-2013 15:44:14] PHP   2. require_once() D:\Apache2\htdocs\homeserve-v2\admin\js\tinymce\plugins\tinybrowser\tb_tinymce.js.php:4
[02-Jan-2013 15:44:14] PHP Notice:  Use of undefined constant DWS_TINYBROWSER_PATH - assumed 'DWS_TINYBROWSER_PATH' in D:\Apache2\htdocs\homeserve-v2\admin\js\tinymce\plugins\tinybrowser\config_tinybrowser.php on line 46
[02-Jan-2013 15:44:14] PHP Stack trace:
[02-Jan-2013 15:44:14] PHP   1. {main}() D:\Apache2\htdocs\homeserve-v2\admin\js\tinymce\plugins\tinybrowser\tb_tinymce.js.php:0
[02-Jan-2013 15:44:14] PHP   2. require_once() D:\Apache2\htdocs\homeserve-v2\admin\js\tinymce\plugins\tinybrowser\tb_tinymce.js.php:4
[02-Jan-2013 15:44:14] PHP Notice:  Use of undefined constant DWS_TINYBROWSER_PATH - assumed 'DWS_TINYBROWSER_PATH' in D:\Apache2\htdocs\homeserve-v2\admin\js\tinymce\plugins\tinybrowser\config_tinybrowser.php on line 47
[02-Jan-2013 15:44:14] PHP Stack trace:
[02-Jan-2013 15:44:14] PHP   1. {main}() D:\Apache2\htdocs\homeserve-v2\admin\js\tinymce\plugins\tinybrowser\tb_tinymce.js.php:0
[02-Jan-2013 15:44:14] PHP   2. require_once() D:\Apache2\htdocs\homeserve-v2\admin\js\tinymce\plugins\tinybrowser\tb_tinymce.js.php:4
[02-Jan-2013 15:44:14] PHP Notice:  Use of undefined constant DWS_TINYBROWSER_PATH - assumed 'DWS_TINYBROWSER_PATH' in D:\Apache2\htdocs\homeserve-v2\admin\js\tinymce\plugins\tinybrowser\config_tinybrowser.php on line 48
[02-Jan-2013 15:44:14] PHP Stack trace:
[02-Jan-2013 15:44:14] PHP   1. {main}() D:\Apache2\htdocs\homeserve-v2\admin\js\tinymce\plugins\tinybrowser\tb_tinymce.js.php:0
[02-Jan-2013 15:44:14] PHP   2. require_once() D:\Apache2\htdocs\homeserve-v2\admin\js\tinymce\plugins\tinybrowser\tb_tinymce.js.php:4
[02-Jan-2013 15:44:14] PHP Notice:  Use of undefined constant DWS_TINYBROWSER_URL - assumed 'DWS_TINYBROWSER_URL' in D:\Apache2\htdocs\homeserve-v2\admin\js\tinymce\plugins\tinybrowser\config_tinybrowser.php on line 51
[02-Jan-2013 15:44:14] PHP Stack trace:
[02-Jan-2013 15:44:14] PHP   1. {main}() D:\Apache2\htdocs\homeserve-v2\admin\js\tinymce\plugins\tinybrowser\tb_tinymce.js.php:0
[02-Jan-2013 15:44:14] PHP   2. require_once() D:\Apache2\htdocs\homeserve-v2\admin\js\tinymce\plugins\tinybrowser\tb_tinymce.js.php:4
[02-Jan-2013 15:44:14] PHP Notice:  Use of undefined constant DWS_TINYBROWSER_URL - assumed 'DWS_TINYBROWSER_URL' in D:\Apache2\htdocs\homeserve-v2\admin\js\tinymce\plugins\tinybrowser\config_tinybrowser.php on line 52
[02-Jan-2013 15:44:14] PHP Stack trace:
[02-Jan-2013 15:44:14] PHP   1. {main}() D:\Apache2\htdocs\homeserve-v2\admin\js\tinymce\plugins\tinybrowser\tb_tinymce.js.php:0
[02-Jan-2013 15:44:14] PHP   2. require_once() D:\Apache2\htdocs\homeserve-v2\admin\js\tinymce\plugins\tinybrowser\tb_tinymce.js.php:4
[02-Jan-2013 15:44:14] PHP Notice:  Use of undefined constant DWS_TINYBROWSER_URL - assumed 'DWS_TINYBROWSER_URL' in D:\Apache2\htdocs\homeserve-v2\admin\js\tinymce\plugins\tinybrowser\config_tinybrowser.php on line 53
[02-Jan-2013 15:44:14] PHP Stack trace:
[02-Jan-2013 15:44:14] PHP   1. {main}() D:\Apache2\htdocs\homeserve-v2\admin\js\tinymce\plugins\tinybrowser\tb_tinymce.js.php:0
[02-Jan-2013 15:44:14] PHP   2. require_once() D:\Apache2\htdocs\homeserve-v2\admin\js\tinymce\plugins\tinybrowser\tb_tinymce.js.php:4
[02-Jan-2013 15:44:32] PHP Notice:  Use of undefined constant DWS_TINYBROWSER_PATH - assumed 'DWS_TINYBROWSER_PATH' in D:\Apache2\htdocs\homeserve-v2\admin\js\tinymce\plugins\tinybrowser\config_tinybrowser.php on line 39
[02-Jan-2013 15:44:32] PHP Stack trace:
[02-Jan-2013 15:44:32] PHP   1. {main}() D:\Apache2\htdocs\homeserve-v2\admin\js\tinymce\plugins\tinybrowser\tb_tinymce.js.php:0
[02-Jan-2013 15:44:32] PHP   2. require_once() D:\Apache2\htdocs\homeserve-v2\admin\js\tinymce\plugins\tinybrowser\tb_tinymce.js.php:4
[02-Jan-2013 15:44:32] PHP Notice:  Use of undefined constant DWS_TINYBROWSER_PATH - assumed 'DWS_TINYBROWSER_PATH' in D:\Apache2\htdocs\homeserve-v2\admin\js\tinymce\plugins\tinybrowser\config_tinybrowser.php on line 45
[02-Jan-2013 15:44:32] PHP Stack trace:
[02-Jan-2013 15:44:32] PHP   1. {main}() D:\Apache2\htdocs\homeserve-v2\admin\js\tinymce\plugins\tinybrowser\tb_tinymce.js.php:0
[02-Jan-2013 15:44:32] PHP   2. require_once() D:\Apache2\htdocs\homeserve-v2\admin\js\tinymce\plugins\tinybrowser\tb_tinymce.js.php:4
[02-Jan-2013 15:44:32] PHP Notice:  Use of undefined constant DWS_TINYBROWSER_PATH - assumed 'DWS_TINYBROWSER_PATH' in D:\Apache2\htdocs\homeserve-v2\admin\js\tinymce\plugins\tinybrowser\config_tinybrowser.php on line 46
[02-Jan-2013 15:44:32] PHP Stack trace:
[02-Jan-2013 15:44:32] PHP   1. {main}() D:\Apache2\htdocs\homeserve-v2\admin\js\tinymce\plugins\tinybrowser\tb_tinymce.js.php:0
[02-Jan-2013 15:44:32] PHP   2. require_once() D:\Apache2\htdocs\homeserve-v2\admin\js\tinymce\plugins\tinybrowser\tb_tinymce.js.php:4
[02-Jan-2013 15:44:32] PHP Notice:  Use of undefined constant DWS_TINYBROWSER_PATH - assumed 'DWS_TINYBROWSER_PATH' in D:\Apache2\htdocs\homeserve-v2\admin\js\tinymce\plugins\tinybrowser\config_tinybrowser.php on line 47
[02-Jan-2013 15:44:32] PHP Stack trace:
[02-Jan-2013 15:44:32] PHP   1. {main}() D:\Apache2\htdocs\homeserve-v2\admin\js\tinymce\plugins\tinybrowser\tb_tinymce.js.php:0
[02-Jan-2013 15:44:32] PHP   2. require_once() D:\Apache2\htdocs\homeserve-v2\admin\js\tinymce\plugins\tinybrowser\tb_tinymce.js.php:4
[02-Jan-2013 15:44:32] PHP Notice:  Use of undefined constant DWS_TINYBROWSER_PATH - assumed 'DWS_TINYBROWSER_PATH' in D:\Apache2\htdocs\homeserve-v2\admin\js\tinymce\plugins\tinybrowser\config_tinybrowser.php on line 48
[02-Jan-2013 15:44:32] PHP Stack trace:
[02-Jan-2013 15:44:32] PHP   1. {main}() D:\Apache2\htdocs\homeserve-v2\admin\js\tinymce\plugins\tinybrowser\tb_tinymce.js.php:0
[02-Jan-2013 15:44:32] PHP   2. require_once() D:\Apache2\htdocs\homeserve-v2\admin\js\tinymce\plugins\tinybrowser\tb_tinymce.js.php:4
[02-Jan-2013 15:44:32] PHP Notice:  Use of undefined constant DWS_TINYBROWSER_URL - assumed 'DWS_TINYBROWSER_URL' in D:\Apache2\htdocs\homeserve-v2\admin\js\tinymce\plugins\tinybrowser\config_tinybrowser.php on line 51
[02-Jan-2013 15:44:32] PHP Stack trace:
[02-Jan-2013 15:44:32] PHP   1. {main}() D:\Apache2\htdocs\homeserve-v2\admin\js\tinymce\plugins\tinybrowser\tb_tinymce.js.php:0
[02-Jan-2013 15:44:32] PHP   2. require_once() D:\Apache2\htdocs\homeserve-v2\admin\js\tinymce\plugins\tinybrowser\tb_tinymce.js.php:4
[02-Jan-2013 15:44:32] PHP Notice:  Use of undefined constant DWS_TINYBROWSER_URL - assumed 'DWS_TINYBROWSER_URL' in D:\Apache2\htdocs\homeserve-v2\admin\js\tinymce\plugins\tinybrowser\config_tinybrowser.php on line 52
[02-Jan-2013 15:44:32] PHP Stack trace:
[02-Jan-2013 15:44:32] PHP   1. {main}() D:\Apache2\htdocs\homeserve-v2\admin\js\tinymce\plugins\tinybrowser\tb_tinymce.js.php:0
[02-Jan-2013 15:44:32] PHP   2. require_once() D:\Apache2\htdocs\homeserve-v2\admin\js\tinymce\plugins\tinybrowser\tb_tinymce.js.php:4
[02-Jan-2013 15:44:32] PHP Notice:  Use of undefined constant DWS_TINYBROWSER_URL - assumed 'DWS_TINYBROWSER_URL' in D:\Apache2\htdocs\homeserve-v2\admin\js\tinymce\plugins\tinybrowser\config_tinybrowser.php on line 53
[02-Jan-2013 15:44:32] PHP Stack trace:
[02-Jan-2013 15:44:32] PHP   1. {main}() D:\Apache2\htdocs\homeserve-v2\admin\js\tinymce\plugins\tinybrowser\tb_tinymce.js.php:0
[02-Jan-2013 15:44:32] PHP   2. require_once() D:\Apache2\htdocs\homeserve-v2\admin\js\tinymce\plugins\tinybrowser\tb_tinymce.js.php:4
[02-Jan-2013 15:46:18] PHP Notice:  Use of undefined constant DWS_TINYBROWSER_PATH - assumed 'DWS_TINYBROWSER_PATH' in D:\Apache2\htdocs\homeserve-v2\admin\js\tinymce\plugins\tinybrowser\config_tinybrowser.php on line 39
[02-Jan-2013 15:46:18] PHP Stack trace:
[02-Jan-2013 15:46:18] PHP   1. {main}() D:\Apache2\htdocs\homeserve-v2\admin\js\tinymce\plugins\tinybrowser\tb_tinymce.js.php:0
[02-Jan-2013 15:46:18] PHP   2. require_once() D:\Apache2\htdocs\homeserve-v2\admin\js\tinymce\plugins\tinybrowser\tb_tinymce.js.php:4
[02-Jan-2013 15:46:18] PHP Notice:  Use of undefined constant DWS_TINYBROWSER_PATH - assumed 'DWS_TINYBROWSER_PATH' in D:\Apache2\htdocs\homeserve-v2\admin\js\tinymce\plugins\tinybrowser\config_tinybrowser.php on line 45
[02-Jan-2013 15:46:18] PHP Stack trace:
[02-Jan-2013 15:46:18] PHP   1. {main}() D:\Apache2\htdocs\homeserve-v2\admin\js\tinymce\plugins\tinybrowser\tb_tinymce.js.php:0
[02-Jan-2013 15:46:18] PHP   2. require_once() D:\Apache2\htdocs\homeserve-v2\admin\js\tinymce\plugins\tinybrowser\tb_tinymce.js.php:4
[02-Jan-2013 15:46:18] PHP Notice:  Use of undefined constant DWS_TINYBROWSER_PATH - assumed 'DWS_TINYBROWSER_PATH' in D:\Apache2\htdocs\homeserve-v2\admin\js\tinymce\plugins\tinybrowser\config_tinybrowser.php on line 46
[02-Jan-2013 15:46:18] PHP Stack trace:
[02-Jan-2013 15:46:18] PHP   1. {main}() D:\Apache2\htdocs\homeserve-v2\admin\js\tinymce\plugins\tinybrowser\tb_tinymce.js.php:0
[02-Jan-2013 15:46:18] PHP   2. require_once() D:\Apache2\htdocs\homeserve-v2\admin\js\tinymce\plugins\tinybrowser\tb_tinymce.js.php:4
[02-Jan-2013 15:46:18] PHP Notice:  Use of undefined constant DWS_TINYBROWSER_PATH - assumed 'DWS_TINYBROWSER_PATH' in D:\Apache2\htdocs\homeserve-v2\admin\js\tinymce\plugins\tinybrowser\config_tinybrowser.php on line 47
[02-Jan-2013 15:46:18] PHP Stack trace:
[02-Jan-2013 15:46:18] PHP   1. {main}() D:\Apache2\htdocs\homeserve-v2\admin\js\tinymce\plugins\tinybrowser\tb_tinymce.js.php:0
[02-Jan-2013 15:46:18] PHP   2. require_once() D:\Apache2\htdocs\homeserve-v2\admin\js\tinymce\plugins\tinybrowser\tb_tinymce.js.php:4
[02-Jan-2013 15:46:18] PHP Notice:  Use of undefined constant DWS_TINYBROWSER_PATH - assumed 'DWS_TINYBROWSER_PATH' in D:\Apache2\htdocs\homeserve-v2\admin\js\tinymce\plugins\tinybrowser\config_tinybrowser.php on line 48
[02-Jan-2013 15:46:18] PHP Stack trace:
[02-Jan-2013 15:46:18] PHP   1. {main}() D:\Apache2\htdocs\homeserve-v2\admin\js\tinymce\plugins\tinybrowser\tb_tinymce.js.php:0
[02-Jan-2013 15:46:18] PHP   2. require_once() D:\Apache2\htdocs\homeserve-v2\admin\js\tinymce\plugins\tinybrowser\tb_tinymce.js.php:4
[02-Jan-2013 15:46:18] PHP Notice:  Use of undefined constant DWS_TINYBROWSER_URL - assumed 'DWS_TINYBROWSER_URL' in D:\Apache2\htdocs\homeserve-v2\admin\js\tinymce\plugins\tinybrowser\config_tinybrowser.php on line 51
[02-Jan-2013 15:46:18] PHP Stack trace:
[02-Jan-2013 15:46:18] PHP   1. {main}() D:\Apache2\htdocs\homeserve-v2\admin\js\tinymce\plugins\tinybrowser\tb_tinymce.js.php:0
[02-Jan-2013 15:46:18] PHP   2. require_once() D:\Apache2\htdocs\homeserve-v2\admin\js\tinymce\plugins\tinybrowser\tb_tinymce.js.php:4
[02-Jan-2013 15:46:18] PHP Notice:  Use of undefined constant DWS_TINYBROWSER_URL - assumed 'DWS_TINYBROWSER_URL' in D:\Apache2\htdocs\homeserve-v2\admin\js\tinymce\plugins\tinybrowser\config_tinybrowser.php on line 52
[02-Jan-2013 15:46:18] PHP Stack trace:
[02-Jan-2013 15:46:18] PHP   1. {main}() D:\Apache2\htdocs\homeserve-v2\admin\js\tinymce\plugins\tinybrowser\tb_tinymce.js.php:0
[02-Jan-2013 15:46:18] PHP   2. require_once() D:\Apache2\htdocs\homeserve-v2\admin\js\tinymce\plugins\tinybrowser\tb_tinymce.js.php:4
[02-Jan-2013 15:46:18] PHP Notice:  Use of undefined constant DWS_TINYBROWSER_URL - assumed 'DWS_TINYBROWSER_URL' in D:\Apache2\htdocs\homeserve-v2\admin\js\tinymce\plugins\tinybrowser\config_tinybrowser.php on line 53
[02-Jan-2013 15:46:18] PHP Stack trace:
[02-Jan-2013 15:46:18] PHP   1. {main}() D:\Apache2\htdocs\homeserve-v2\admin\js\tinymce\plugins\tinybrowser\tb_tinymce.js.php:0
[02-Jan-2013 15:46:18] PHP   2. require_once() D:\Apache2\htdocs\homeserve-v2\admin\js\tinymce\plugins\tinybrowser\tb_tinymce.js.php:4
