[07/24/2015 12:51 PM] - FAIL: IPN Validation Failed.
IPN POST Vars from Paypal:

IPN Response from Paypal Server:
 HTTP/1.0 302 Found
Location: https://www.sandbox.paypal.com
Server: BigIP
Connection: close
Content-Length: 0



[07/24/2015 1:49 PM] - FAIL: IPN Validation Failed.
IPN POST Vars from Paypal:

IPN Response from Paypal Server:
 HTTP/1.0 302 Found
Location: https://www.sandbox.paypal.com
Server: BigIP
Connection: close
Content-Length: 0



[07/24/2015 1:50 PM] - FAIL: IPN Validation Failed.
IPN POST Vars from Paypal:

IPN Response from Paypal Server:
 HTTP/1.0 302 Found
Location: https://www.sandbox.paypal.com
Server: BigIP
Connection: close
Content-Length: 0



[07/24/2015 1:50 PM] - FAIL: IPN Validation Failed.
IPN POST Vars from Paypal:

IPN Response from Paypal Server:
 HTTP/1.0 302 Found
Location: https://www.sandbox.paypal.com
Server: BigIP
Connection: close
Content-Length: 0



